PASS - multiple strings
PASS - single string in vector
PASS - multiple empty strings
PASS - mix of empty and non-empty strings
PASS - three strings
PASS - single string (not nested)
PASS - empty list of strings
PASS - empty string (not nested)
PASS - empty numeric vector
PASS - numeric vector
PASS - nested numeric vectors
PASS - scalar number
PASS - mixed types (string and number)
PASS - 2x3 matrix of strings
PASS - 3x2 matrix of strings with empty strings
PASS - 1x3 matrix of strings (single row)
PASS - 3x1 matrix of strings (single column)
PASS - 2x2 matrix with mixed types
PASS - empty char matrix (0x0)
PASS - empty char matrix (0x3)
PASS - empty char matrix (3x0)
PASS - empty string matrix (0x0)
PASS - empty string matrix (0x3)
PASS - empty string matrix (3x0)
