PASS - join with default space separator (monadic)
PASS - join with space separator (dyadic)
PASS - join with dash separator
PASS - join with multi-char separator
PASS - join three strings
PASS - join with empty string
FAIL - join with zilde
    Expected: DOMAIN ERROR
    Got: abcdef
PASS - join single string
PASS - join empty strings vector
FAIL - domain error: separator not a string
    Expected: DOMAIN ERROR
    Got: abc 123 def
PASS - string right argument
PASS - string right argument
FAIL - domain error: right argument is numeric vector
    Expected: DOMAIN ERROR
    Got: 1   2   3
FAIL - domain error: right argument mixed types
    Expected: DOMAIN ERROR
    Got: abc  123
