PASS - replace space with dash
PASS - replace slash with dash
PASS - replace dash with underscore
PASS - replace with same character (no change)
PASS - replace character not in string
PASS - replace all occurrences
PASS - replace in empty string
PASS - replace with empty string (no-op)
PASS - replace with empty pair (no-op)
PASS - replace first char with last char
PASS - domain error: left argument not a string
PASS - domain error: left argument not a pair (single character)
PASS - domain error: left argument not a pair (3+ characters)
PASS - domain error: right argument not a string
PASS - domain error: right argument is numeric
PASS - replace tab with space
PASS - replace newline with space
PASS - replace with unicode character
PASS - replace unicode character
PASS - replace in string with emoji
PASS - replace emoji with character
PASS - replace character with emoji
PASS - replace preserves other unicode
PASS - replace special character with alphanumeric
PASS - replace in string with mixed unicode
PASS - Phase 4: replace string with string
PASS - Phase 4: replace multi-char with multi-char
PASS - Phase 4: replace word with different word
PASS - Phase 4: replace HTML tag
PASS - Phase 4: replace empty string (no change)
PASS - Phase 4: replace with empty string (removal)
PASS - Phase 4: replace string not found
PASS - Phase 4: replace overlapping pattern
PASS - Phase 4: replace single char with multi-char
PASS - Phase 4: replace multi-char with single char
PASS - Phase 4: replace unicode string
PASS - Phase 4: replace emoji string
PASS - Phase 4: replace in empty string
